#
# There is insufficient memory for the Java Runtime Environment to continue.
# Native memory allocation (malloc) failed to allocate 399216 bytes for Chunk::new
# Possible reasons:
#   The system is out of physical RAM or swap space
#   The process is running with CompressedOops enabled, and the Java Heap may be blocking the growth of the native heap
# Possible solutions:
#   Reduce memory load on the system
#   Increase physical memory or swap space
#   Check if swap backing store is full
#   Decrease Java heap size (-Xmx/-Xms)
#   Decrease number of Java threads
#   Decrease Java thread stack sizes (-Xss)
#   Set larger code cache with -XX:ReservedCodeCacheSize=
#   JVM is running with Unscaled Compressed Oops mode in which the Java heap is
#     placed in the first 4GB address space. The Java Heap base address is the
#     maximum limit for the native heap growth. Please use -XX:HeapBaseMinAddress
#     to set the Java Heap base and to place the Java Heap above 4GB virtual address.
# This output file may be truncated or incomplete.
#
#  Out of Memory Error (c:/BuildAgent/work/494cbf65e275b67e/src/hotspot/share/memory/arena.cpp:197), pid=10856, tid=13096
#
# JRE version: OpenJDK Runtime Environment (11.0.3+12) (build 11.0.3+12-b304.10)
# Java VM: OpenJDK 64-Bit Server VM (11.0.3+12-b304.10, mixed mode, sharing, tiered, compressed oops, g1 gc, windows-amd64)
# No core dump will be written. Minidumps are not enabled by default on client versions of Windows
#

---------------  S U M M A R Y ------------

Command Line: -Dorg.jetbrains.run.directory=C:\Users\Admin\IdeaProjects\src\test\java\feature -javaagent:C:\Program Files\JetBrains\IntelliJ IDEA Community Edition 2019.2\lib\idea_rt.jar=60403:C:\Program Files\JetBrains\IntelliJ IDEA Community Edition 2019.2\bin -Dfile.encoding=UTF-8 cucumber.api.cli.Main --plugin org.jetbrains.plugins.cucumber.java.run.CucumberJvm4SMFormatter --name ^$ --glue stepDefinition C:/Users/Admin/IdeaProjects/src/test/java/feature/DateUsageTest.feature

Host: Intel(R) Core(TM) i7-2820QM CPU @ 2.30GHz, 8 cores, 5G,  Windows 10 , 64 bit Build 17134 (10.0.17134.556)
Time: Wed Feb  5 12:28:23 2020 Arab Standard Time elapsed time: 1 seconds (0d 0h 0m 1s)

---------------  T H R E A D  ---------------

Current thread (0x00000215269fe000):  JavaThread "C2 CompilerThread0" daemon [_thread_in_native, id=13096, stack(0x0000004d03f00000,0x0000004d04000000)]


Current CompileTask:
C2:   1796 1435       4       java.io.DataInputStream::readUTF (501 bytes)

Stack: [0x0000004d03f00000,0x0000004d04000000]
Native frames: (J=compiled Java code, j=interpreted, Vv=VM code, C=native code)
V  [jvm.dll+0x5da77a]
V  [jvm.dll+0x70b9c9]
V  [jvm.dll+0x70cee8]
V  [jvm.dll+0x70d5b3]
V  [jvm.dll+0x23ddc8]
V  [jvm.dll+0xb931c]
V  [jvm.dll+0xb981c]
V  [jvm.dll+0x34f07d]
V  [jvm.dll+0x31d193]
V  [jvm.dll+0x31c72a]
V  [jvm.dll+0x1f7952]
V  [jvm.dll+0x1f6b24]
V  [jvm.dll+0x17fadb]
V  [jvm.dll+0x204e17]
V  [jvm.dll+0x2036b2]
V  [jvm.dll+0x6d885f]
V  [jvm.dll+0x6d165d]
V  [jvm.dll+0x5d9a56]
C  [ucrtbase.dll+0x1c4ce]
C  [KERNEL32.DLL+0x13dc4]
C  [ntdll.dll+0x73691]


---------------  P R O C E S S  ---------------

Threads class SMR info:
_java_thread_list=0x0000021526bbd410, length=12, elements={
0x000002150cde8000, 0x00000215269df800, 0x00000215269e1000, 0x00000215269f9000,
0x00000215269fc800, 0x00000215269fe000, 0x0000021526a03800, 0x0000021526a08800,
0x0000021526b23800, 0x0000021526d80000, 0x0000021527127800, 0x0000021526d85800
}

Java Threads: ( => current thread )
  0x000002150cde8000 JavaThread "main" [_thread_in_Java, id=1748, stack(0x0000004d03400000,0x0000004d03500000)]
  0x00000215269df800 JavaThread "Reference Handler" daemon [_thread_blocked, id=5100, stack(0x0000004d03b00000,0x0000004d03c00000)]
  0x00000215269e1000 JavaThread "Finalizer" daemon [_thread_blocked, id=7192, stack(0x0000004d03c00000,0x0000004d03d00000)]
  0x00000215269f9000 JavaThread "Signal Dispatcher" daemon [_thread_blocked, id=12516, stack(0x0000004d03d00000,0x0000004d03e00000)]
  0x00000215269fc800 JavaThread "Attach Listener" daemon [_thread_blocked, id=4424, stack(0x0000004d03e00000,0x0000004d03f00000)]
=>0x00000215269fe000 JavaThread "C2 CompilerThread0" daemon [_thread_in_native, id=13096, stack(0x0000004d03f00000,0x0000004d04000000)]
  0x0000021526a03800 JavaThread "C1 CompilerThread0" daemon [_thread_in_native, id=6408, stack(0x0000004d04000000,0x0000004d04100000)]
  0x0000021526a08800 JavaThread "Sweeper thread" daemon [_thread_blocked, id=15220, stack(0x0000004d04100000,0x0000004d04200000)]
  0x0000021526b23800 JavaThread "Common-Cleaner" daemon [_thread_blocked, id=12872, stack(0x0000004d04200000,0x0000004d04300000)]
  0x0000021526d80000 JavaThread "C2 CompilerThread1" daemon [_thread_in_native, id=20244, stack(0x0000004d04300000,0x0000004d04400000)]
  0x0000021527127800 JavaThread "Monitor Ctrl-Break" daemon [_thread_in_native, id=19608, stack(0x0000004d04400000,0x0000004d04500000)]
  0x0000021526d85800 JavaThread "Service Thread" daemon [_thread_blocked, id=15704, stack(0x0000004d04500000,0x0000004d04600000)]

Other Threads:
  0x00000215269d8000 VMThread "VM Thread" [stack: 0x0000004d03a00000,0x0000004d03b00000] [id=10116]
  0x0000021526d86000 WatcherThread [stack: 0x0000004d04600000,0x0000004d04700000] [id=24612]
  0x000002150cdfd800 GCTaskThread "GC Thread#0" [stack: 0x0000004d03500000,0x0000004d03600000] [id=14132]
  0x00000215276e6000 GCTaskThread "GC Thread#1" [stack: 0x0000004d04700000,0x0000004d04800000] [id=1708]
  0x000002150ce24800 ConcurrentGCThread "G1 Main Marker" [stack: 0x0000004d03600000,0x0000004d03700000] [id=15624]
  0x000002150ce25800 ConcurrentGCThread "G1 Conc#0" [stack: 0x0000004d03700000,0x0000004d03800000] [id=19612]
  0x00000215237d9800 ConcurrentGCThread "G1 Refine#0" [stack: 0x0000004d03800000,0x0000004d03900000] [id=12284]
  0x0000021527650000 ConcurrentGCThread "G1 Refine#1" [stack: 0x0000004d04800000,0x0000004d04900000] [id=18968]
  0x00000215237da800 ConcurrentGCThread "G1 Young RemSet Sampling" [stack: 0x0000004d03900000,0x0000004d03a00000] [id=25692]

Threads with active compile tasks:
C2 CompilerThread01435       4       java.io.DataInputStream::readUTF (501 bytes)
C1 CompilerThread01595       3       java.util.TreeMap::put (247 bytes)
C2 CompilerThread11543       4       java.util.HashMap::put (13 bytes)

VM state:not at safepoint (normal execution)

VM Mutex/Monitor currently owned by a thread: None

Heap address: 0x00000000a1c00000, size: 1508 MB, Compressed Oops mode: 32-bit
Narrow klass base: 0x0000000800000000, Narrow klass shift: 3
Compressed class space size: 1073741824 Address: 0x0000000840000000

Heap:
 garbage-first heap   total 98304K, used 21154K [0x00000000a1c00000, 0x0000000100000000)
  region size 1024K, 17 young (17408K), 3 survivors (3072K)
 Metaspace       used 9124K, capacity 9459K, committed 9728K, reserved 1058816K
  class space    used 1118K, capacity 1238K, committed 1280K, reserved 1048576K
Heap Regions: E=young(eden), S=young(survivor), O=old, HS=humongous(starts), HC=humongous(continues), CS=collection set, F=free, A=archive, TAMS=top-at-mark-start (previous, next)
|   0|0x00000000a1c00000, 0x00000000a1d00000, 0x00000000a1d00000|100%|HS|  |TAMS 0x00000000a1c00000, 0x00000000a1c00000| Complete 
|   1|0x00000000a1d00000, 0x00000000a1e00000, 0x00000000a1e00000|100%| O|  |TAMS 0x00000000a1d00000, 0x00000000a1d00000| Untracked 
|   2|0x00000000a1e00000, 0x00000000a1f00000, 0x00000000a1f00000|100%| O|  |TAMS 0x00000000a1e00000, 0x00000000a1e00000| Untracked 
|   3|0x00000000a1f00000, 0x00000000a2000000, 0x00000000a2000000|100%| O|  |TAMS 0x00000000a1f00000, 0x00000000a1f00000| Untracked 
|   4|0x00000000a2000000, 0x00000000a20a8800, 0x00000000a2100000| 65%| O|  |TAMS 0x00000000a2000000, 0x00000000a2000000| Untracked 
|   5|0x00000000a2100000, 0x00000000a2100000, 0x00000000a2200000|  0%| F|  |TAMS 0x00000000a2100000, 0x00000000a2100000| Untracked 
|   6|0x00000000a2200000, 0x00000000a2200000, 0x00000000a2300000|  0%| F|  |TAMS 0x00000000a2200000, 0x00000000a2200000| Untracked 
|   7|0x00000000a2300000, 0x00000000a2300000, 0x00000000a2400000|  0%| F|  |TAMS 0x00000000a2300000, 0x00000000a2300000| Untracked 
|   8|0x00000000a2400000, 0x00000000a2400000, 0x00000000a2500000|  0%| F|  |TAMS 0x00000000a2400000, 0x00000000a2400000| Untracked 
|   9|0x00000000a2500000, 0x00000000a2500000, 0x00000000a2600000|  0%| F|  |TAMS 0x00000000a2500000, 0x00000000a2500000| Untracked 
|  10|0x00000000a2600000, 0x00000000a2600000, 0x00000000a2700000|  0%| F|  |TAMS 0x00000000a2600000, 0x00000000a2600000| Untracked 
|  11|0x00000000a2700000, 0x00000000a2700000, 0x00000000a2800000|  0%| F|  |TAMS 0x00000000a2700000, 0x00000000a2700000| Untracked 
|  12|0x00000000a2800000, 0x00000000a2800000, 0x00000000a2900000|  0%| F|  |TAMS 0x00000000a2800000, 0x00000000a2800000| Untracked 
|  13|0x00000000a2900000, 0x00000000a2900000, 0x00000000a2a00000|  0%| F|  |TAMS 0x00000000a2900000, 0x00000000a2900000| Untracked 
|  14|0x00000000a2a00000, 0x00000000a2a00000, 0x00000000a2b00000|  0%| F|  |TAMS 0x00000000a2a00000, 0x00000000a2a00000| Untracked 
|  15|0x00000000a2b00000, 0x00000000a2b00000, 0x00000000a2c00000|  0%| F|  |TAMS 0x00000000a2b00000, 0x00000000a2b00000| Untracked 
|  16|0x00000000a2c00000, 0x00000000a2c00000, 0x00000000a2d00000|  0%| F|  |TAMS 0x00000000a2c00000, 0x00000000a2c00000| Untracked 
|  17|0x00000000a2d00000, 0x00000000a2d00000, 0x00000000a2e00000|  0%| F|  |TAMS 0x00000000a2d00000, 0x00000000a2d00000| Untracked 
|  18|0x00000000a2e00000, 0x00000000a2e00000, 0x00000000a2f00000|  0%| F|  |TAMS 0x00000000a2e00000, 0x00000000a2e00000| Untracked 
|  19|0x00000000a2f00000, 0x00000000a2f00000, 0x00000000a3000000|  0%| F|  |TAMS 0x00000000a2f00000, 0x00000000a2f00000| Untracked 
|  20|0x00000000a3000000, 0x00000000a3000000, 0x00000000a3100000|  0%| F|  |TAMS 0x00000000a3000000, 0x00000000a3000000| Untracked 
|  21|0x00000000a3100000, 0x00000000a3100000, 0x00000000a3200000|  0%| F|  |TAMS 0x00000000a3100000, 0x00000000a3100000| Untracked 
|  22|0x00000000a3200000, 0x00000000a3200000, 0x00000000a3300000|  0%| F|  |TAMS 0x00000000a3200000, 0x00000000a3200000| Untracked 
|  23|0x00000000a3300000, 0x00000000a3300000, 0x00000000a3400000|  0%| F|  |TAMS 0x00000000a3300000, 0x00000000a3300000| Untracked 
|  24|0x00000000a3400000, 0x00000000a3400000, 0x00000000a3500000|  0%| F|  |TAMS 0x00000000a3400000, 0x00000000a3400000| Untracked 
|  25|0x00000000a3500000, 0x00000000a3500000, 0x00000000a3600000|  0%| F|  |TAMS 0x00000000a3500000, 0x00000000a3500000| Untracked 
|  26|0x00000000a3600000, 0x00000000a3600000, 0x00000000a3700000|  0%| F|  |TAMS 0x00000000a3600000, 0x00000000a3600000| Untracked 
|  27|0x00000000a3700000, 0x00000000a3700000, 0x00000000a3800000|  0%| F|  |TAMS 0x00000000a3700000, 0x00000000a3700000| Untracked 
|  28|0x00000000a3800000, 0x00000000a3800000, 0x00000000a3900000|  0%| F|  |TAMS 0x00000000a3800000, 0x00000000a3800000| Untracked 
|  29|0x00000000a3900000, 0x00000000a3900000, 0x00000000a3a00000|  0%| F|  |TAMS 0x00000000a3900000, 0x00000000a3900000| Untracked 
|  30|0x00000000a3a00000, 0x00000000a3a00000, 0x00000000a3b00000|  0%| F|  |TAMS 0x00000000a3a00000, 0x00000000a3a00000| Untracked 
|  31|0x00000000a3b00000, 0x00000000a3b00000, 0x00000000a3c00000|  0%| F|  |TAMS 0x00000000a3b00000, 0x00000000a3b00000| Untracked 
|  32|0x00000000a3c00000, 0x00000000a3c00000, 0x00000000a3d00000|  0%| F|  |TAMS 0x00000000a3c00000, 0x00000000a3c00000| Untracked 
|  33|0x00000000a3d00000, 0x00000000a3d00000, 0x00000000a3e00000|  0%| F|  |TAMS 0x00000000a3d00000, 0x00000000a3d00000| Untracked 
|  34|0x00000000a3e00000, 0x00000000a3e00000, 0x00000000a3f00000|  0%| F|  |TAMS 0x00000000a3e00000, 0x00000000a3e00000| Untracked 
|  35|0x00000000a3f00000, 0x00000000a3f00000, 0x00000000a4000000|  0%| F|  |TAMS 0x00000000a3f00000, 0x00000000a3f00000| Untracked 
|  36|0x00000000a4000000, 0x00000000a4000000, 0x00000000a4100000|  0%| F|  |TAMS 0x00000000a4000000, 0x00000000a4000000| Untracked 
|  37|0x00000000a4100000, 0x00000000a4100000, 0x00000000a4200000|  0%| F|  |TAMS 0x00000000a4100000, 0x00000000a4100000| Untracked 
|  38|0x00000000a4200000, 0x00000000a4200000, 0x00000000a4300000|  0%| F|  |TAMS 0x00000000a4200000, 0x00000000a4200000| Untracked 
|  39|0x00000000a4300000, 0x00000000a4300000, 0x00000000a4400000|  0%| F|  |TAMS 0x00000000a4300000, 0x00000000a4300000| Untracked 
|  40|0x00000000a4400000, 0x00000000a4400000, 0x00000000a4500000|  0%| F|  |TAMS 0x00000000a4400000, 0x00000000a4400000| Untracked 
|  41|0x00000000a4500000, 0x00000000a4500000, 0x00000000a4600000|  0%| F|  |TAMS 0x00000000a4500000, 0x00000000a4500000| Untracked 
|  42|0x00000000a4600000, 0x00000000a4600000, 0x00000000a4700000|  0%| F|  |TAMS 0x00000000a4600000, 0x00000000a4600000| Untracked 
|  43|0x00000000a4700000, 0x00000000a4700000, 0x00000000a4800000|  0%| F|  |TAMS 0x00000000a4700000, 0x00000000a4700000| Untracked 
|  44|0x00000000a4800000, 0x00000000a4800000, 0x00000000a4900000|  0%| F|  |TAMS 0x00000000a4800000, 0x00000000a4800000| Untracked 
|  45|0x00000000a4900000, 0x00000000a4900000, 0x00000000a4a00000|  0%| F|  |TAMS 0x00000000a4900000, 0x00000000a4900000| Untracked 
|  46|0x00000000a4a00000, 0x00000000a4a00000, 0x00000000a4b00000|  0%| F|  |TAMS 0x00000000a4a00000, 0x00000000a4a00000| Untracked 
|  47|0x00000000a4b00000, 0x00000000a4b00000, 0x00000000a4c00000|  0%| F|  |TAMS 0x00000000a4b00000, 0x00000000a4b00000| Untracked 
|  48|0x00000000a4c00000, 0x00000000a4c00000, 0x00000000a4d00000|  0%| F|  |TAMS 0x00000000a4c00000, 0x00000000a4c00000| Untracked 
|  49|0x00000000a4d00000, 0x00000000a4d00000, 0x00000000a4e00000|  0%| F|  |TAMS 0x00000000a4d00000, 0x00000000a4d00000| Untracked 
|  50|0x00000000a4e00000, 0x00000000a4e00000, 0x00000000a4f00000|  0%| F|  |TAMS 0x00000000a4e00000, 0x00000000a4e00000| Untracked 
|  51|0x00000000a4f00000, 0x00000000a4f00000, 0x00000000a5000000|  0%| F|  |TAMS 0x00000000a4f00000, 0x00000000a4f00000| Untracked 
|  52|0x00000000a5000000, 0x00000000a5000000, 0x00000000a5100000|  0%| F|  |TAMS 0x00000000a5000000, 0x00000000a5000000| Untracked 
|  53|0x00000000a5100000, 0x00000000a5100000, 0x00000000a5200000|  0%| F|  |TAMS 0x00000000a5100000, 0x00000000a5100000| Untracked 
|  54|0x00000000a5200000, 0x00000000a5200000, 0x00000000a5300000|  0%| F|  |TAMS 0x00000000a5200000, 0x00000000a5200000| Untracked 
|  55|0x00000000a5300000, 0x00000000a5300000, 0x00000000a5400000|  0%| F|  |TAMS 0x00000000a5300000, 0x00000000a5300000| Untracked 
|  56|0x00000000a5400000, 0x00000000a5400000, 0x00000000a5500000|  0%| F|  |TAMS 0x00000000a5400000, 0x00000000a5400000| Untracked 
|  57|0x00000000a5500000, 0x00000000a5500000, 0x00000000a5600000|  0%| F|  |TAMS 0x00000000a5500000, 0x00000000a5500000| Untracked 
|  58|0x00000000a5600000, 0x00000000a5600000, 0x00000000a5700000|  0%| F|  |TAMS 0x00000000a5600000, 0x00000000a5600000| Untracked 
|  59|0x00000000a5700000, 0x00000000a5700000, 0x00000000a5800000|  0%| F|  |TAMS 0x00000000a5700000, 0x00000000a5700000| Untracked 
|  60|0x00000000a5800000, 0x00000000a5800000, 0x00000000a5900000|  0%| F|  |TAMS 0x00000000a5800000, 0x00000000a5800000| Untracked 
|  61|0x00000000a5900000, 0x00000000a5900000, 0x00000000a5a00000|  0%| F|  |TAMS 0x00000000a5900000, 0x00000000a5900000| Untracked 
|  62|0x00000000a5a00000, 0x00000000a5a00000, 0x00000000a5b00000|  0%| F|  |TAMS 0x00000000a5a00000, 0x00000000a5a00000| Untracked 
|  63|0x00000000a5b00000, 0x00000000a5b00000, 0x00000000a5c00000|  0%| F|  |TAMS 0x00000000a5b00000, 0x00000000a5b00000| Untracked 
|  64|0x00000000a5c00000, 0x00000000a5c00000, 0x00000000a5d00000|  0%| F|  |TAMS 0x00000000a5c00000, 0x00000000a5c00000| Untracked 
|  65|0x00000000a5d00000, 0x00000000a5d00000, 0x00000000a5e00000|  0%| F|  |TAMS 0x00000000a5d00000, 0x00000000a5d00000| Untracked 
|  66|0x00000000a5e00000, 0x00000000a5e00000, 0x00000000a5f00000|  0%| F|  |TAMS 0x00000000a5e00000, 0x00000000a5e00000| Untracked 
|  67|0x00000000a5f00000, 0x00000000a5f00000, 0x00000000a6000000|  0%| F|  |TAMS 0x00000000a5f00000, 0x00000000a5f00000| Untracked 
|  68|0x00000000a6000000, 0x00000000a6000000, 0x00000000a6100000|  0%| F|  |TAMS 0x00000000a6000000, 0x00000000a6000000| Untracked 
|  69|0x00000000a6100000, 0x00000000a6200000, 0x00000000a6200000|100%| S|CS|TAMS 0x00000000a6100000, 0x00000000a6100000| Complete 
|  70|0x00000000a6200000, 0x00000000a6300000, 0x00000000a6300000|100%| S|CS|TAMS 0x00000000a6200000, 0x00000000a6200000| Complete 
|  71|0x00000000a6300000, 0x00000000a6400000, 0x00000000a6400000|100%| S|CS|TAMS 0x00000000a6300000, 0x00000000a6300000| Complete 
|  72|0x00000000a6400000, 0x00000000a6400000, 0x00000000a6500000|  0%| F|  |TAMS 0x00000000a6400000, 0x00000000a6400000| Untracked 
|  73|0x00000000a6500000, 0x00000000a6500000, 0x00000000a6600000|  0%| F|  |TAMS 0x00000000a6500000, 0x00000000a6500000| Untracked 
|  74|0x00000000a6600000, 0x00000000a6600000, 0x00000000a6700000|  0%| F|  |TAMS 0x00000000a6600000, 0x00000000a6600000| Untracked 
|  75|0x00000000a6700000, 0x00000000a6700000, 0x00000000a6800000|  0%| F|  |TAMS 0x00000000a6700000, 0x00000000a6700000| Untracked 
|  76|0x00000000a6800000, 0x00000000a6800000, 0x00000000a6900000|  0%| F|  |TAMS 0x00000000a6800000, 0x00000000a6800000| Untracked 
|  77|0x00000000a6900000, 0x00000000a6900000, 0x00000000a6a00000|  0%| F|  |TAMS 0x00000000a6900000, 0x00000000a6900000| Untracked 
|  78|0x00000000a6a00000, 0x00000000a6a00000, 0x00000000a6b00000|  0%| F|  |TAMS 0x00000000a6a00000, 0x00000000a6a00000| Untracked 
|  79|0x00000000a6b00000, 0x00000000a6b00000, 0x00000000a6c00000|  0%| F|  |TAMS 0x00000000a6b00000, 0x00000000a6b00000| Untracked 
|  80|0x00000000a6c00000, 0x00000000a6c00000, 0x00000000a6d00000|  0%| F|  |TAMS 0x00000000a6c00000, 0x00000000a6c00000| Untracked 
|  81|0x00000000a6d00000, 0x00000000a6d00000, 0x00000000a6e00000|  0%| F|  |TAMS 0x00000000a6d00000, 0x00000000a6d00000| Untracked 
|  82|0x00000000a6e00000, 0x00000000a6e80800, 0x00000000a6f00000| 50%| E|  |TAMS 0x00000000a6e00000, 0x00000000a6e00000| Complete 
|  83|0x00000000a6f00000, 0x00000000a7000000, 0x00000000a7000000|100%| E|CS|TAMS 0x00000000a6f00000, 0x00000000a6f00000| Complete 
|  84|0x00000000a7000000, 0x00000000a7100000, 0x00000000a7100000|100%| E|CS|TAMS 0x00000000a7000000, 0x00000000a7000000| Complete 
|  85|0x00000000a7100000, 0x00000000a7200000, 0x00000000a7200000|100%| E|CS|TAMS 0x00000000a7100000, 0x00000000a7100000| Complete 
|  86|0x00000000a7200000, 0x00000000a7300000, 0x00000000a7300000|100%| E|CS|TAMS 0x00000000a7200000, 0x00000000a7200000| Complete 
|  87|0x00000000a7300000, 0x00000000a7400000, 0x00000000a7400000|100%| E|CS|TAMS 0x00000000a7300000, 0x00000000a7300000| Complete 
|  88|0x00000000a7400000, 0x00000000a7500000, 0x00000000a7500000|100%| E|CS|TAMS 0x00000000a7400000, 0x00000000a7400000| Complete 
|  89|0x00000000a7500000, 0x00000000a7600000, 0x00000000a7600000|100%| E|CS|TAMS 0x00000000a7500000, 0x00000000a7500000| Complete 
|  90|0x00000000a7600000, 0x00000000a7700000, 0x00000000a7700000|100%| E|CS|TAMS 0x00000000a7600000, 0x00000000a7600000| Complete 
|  91|0x00000000a7700000, 0x00000000a7800000, 0x00000000a7800000|100%| E|CS|TAMS 0x00000000a7700000, 0x00000000a7700000| Complete 
|  92|0x00000000a7800000, 0x00000000a7900000, 0x00000000a7900000|100%| E|CS|TAMS 0x00000000a7800000, 0x00000000a7800000| Complete 
|  93|0x00000000a7900000, 0x00000000a7a00000, 0x00000000a7a00000|100%| E|CS|TAMS 0x00000000a7900000, 0x00000000a7900000| Complete 
|  94|0x00000000a7a00000, 0x00000000a7b00000, 0x00000000a7b00000|100%| E|CS|TAMS 0x00000000a7a00000, 0x00000000a7a00000| Complete 
|  95|0x00000000a7b00000, 0x00000000a7c00000, 0x00000000a7c00000|100%| E|CS|TAMS 0x00000000a7b00000, 0x00000000a7b00000| Complete 

Card table byte_map: [0x0000021520230000,0x0000021520530000] _byte_map_base: 0x000002151fd22000

Marking Bits (Prev, Next): (CMBitMap*) 0x000002150ce1df48, (CMBitMap*) 0x000002150ce1df80
 Prev Bits: [0x0000021520830000, 0x0000021521fc0000)
 Next Bits: [0x0000021521fc0000, 0x0000021523750000)

Polling page: 0x000002150a8b0000

Metaspace:

Usage:
  Non-class:      8.09 MB capacity,     7.87 MB ( 97%) used,   207.98 KB (  3%) free+waste,    18.69 KB ( <1%) overhead. 
      Class:      1.21 MB capacity,     1.10 MB ( 91%) used,   101.05 KB (  8%) free+waste,    10.06 KB ( <1%) overhead. 
       Both:      9.30 MB capacity,     8.97 MB ( 96%) used,   309.03 KB (  3%) free+waste,    28.75 KB ( <1%) overhead. 

Virtual space:
  Non-class space:       10.00 MB reserved,       8.25 MB ( 83%) committed 
      Class space:        1.00 GB reserved,       1.25 MB ( <1%) committed 
             Both:        1.01 GB reserved,       9.50 MB ( <1%) committed 

Chunk freelists:
   Non-Class:  35.00 KB
       Class:  10.00 KB
        Both:  45.00 KB

CodeHeap 'non-profiled nmethods': size=120000Kb used=580Kb max_used=580Kb free=119420Kb
 bounds [0x00000215186d0000, 0x0000021518940000, 0x000002151fc00000]
CodeHeap 'profiled nmethods': size=120000Kb used=3211Kb max_used=3211Kb free=116788Kb
 bounds [0x00000215111a0000, 0x00000215114d0000, 0x00000215186d0000]
CodeHeap 'non-nmethods': size=5760Kb used=1132Kb max_used=1148Kb free=4627Kb
 bounds [0x0000021510c00000, 0x0000021510e70000, 0x00000215111a0000]
 total_blobs=2419 nmethods=1589 adapters=365
 compilation: enabled
              stopped_count=0, restarted_count=0
 full_count=0

Compilation events (10 events):
Event: 1.789 Thread 0x0000021526a03800 nmethod 1483 0x000002151875b690 code [0x000002151875b840, 0x000002151875b978]
Event: 1.789 Thread 0x0000021526a03800 1487       3       sun.security.util.DerValue::isConstructed (18 bytes)
Event: 1.789 Thread 0x0000021526a03800 nmethod 1487 0x0000021511482e90 code [0x0000021511483040, 0x0000021511483218]
Event: 1.789 Thread 0x0000021526a03800 1488       3       java.math.BigInteger::compareMagnitude (96 bytes)
Event: 1.790 Thread 0x0000021526a03800 nmethod 1488 0x0000021511483290 code [0x0000021511483460, 0x0000021511483838]
Event: 1.790 Thread 0x0000021526a03800 1489   !   3       java.util.Collections$SynchronizedMap::put (28 bytes)
Event: 1.790 Thread 0x0000021526a03800 nmethod 1489 0x0000021511483990 code [0x0000021511483b60, 0x0000021511483f70]
Event: 1.790 Thread 0x0000021526a03800 1490       3       sun.security.x509.Extension::<init> (83 bytes)
Event: 1.791 Thread 0x0000021526a03800 nmethod 1490 0x0000021511484110 code [0x0000021511484380, 0x0000021511484bd0]
Event: 1.791 Thread 0x0000021526a03800 1493       3       java.lang.Class::getConstructor0 (83 bytes)

GC Heap History (2 events):
Event: 1.382 GC heap before
{Heap before GC invocations=0 (full 0):
 garbage-first heap   total 98304K, used 24576K [0x00000000a1c00000, 0x0000000100000000)
  region size 1024K, 24 young (24576K), 0 survivors (0K)
 Metaspace       used 5168K, capacity 7121K, committed 7296K, reserved 1056768K
  class space    used 659K, capacity 866K, committed 896K, reserved 1048576K
}
Event: 1.395 GC heap after
{Heap after GC invocations=1 (full 0):
 garbage-first heap   total 98304K, used 7842K [0x00000000a1c00000, 0x0000000100000000)
  region size 1024K, 3 young (3072K), 3 survivors (3072K)
 Metaspace       used 5168K, capacity 7121K, committed 7296K, reserved 1056768K
  class space    used 659K, capacity 866K, committed 896K, reserved 1048576K
}

Deoptimization events (10 events):
Event: 1.564 Thread 0x000002150cde8000 Uncommon trap: reason=bimorphic_or_optimized_type_check action=maybe_recompile pc=0x0000021518734f4c method=java.util.regex.Pattern$CharPropertyGreedy.match(Ljava/util/regex/Matcher;ILjava/lang/CharSequence;)Z @ 28 c2
Event: 1.572 Thread 0x000002150cde8000 Uncommon trap: reason=unstable_if action=reinterpret pc=0x000002151873aa48 method=java.lang.AbstractStringBuilder.append(Ljava/lang/String;)Ljava/lang/AbstractStringBuilder; @ 1 c2
Event: 1.684 Thread 0x000002150cde8000 Uncommon trap: reason=bimorphic_or_optimized_type_check action=maybe_recompile pc=0x000002151872f71c method=java.util.HashMap.getNode(ILjava/lang/Object;)Ljava/util/HashMap$Node; @ 126 c2
Event: 1.684 Thread 0x000002150cde8000 Uncommon trap: reason=bimorphic_or_optimized_type_check action=maybe_recompile pc=0x000002151872f71c method=java.util.HashMap.getNode(ILjava/lang/Object;)Ljava/util/HashMap$Node; @ 126 c2
Event: 1.685 Thread 0x000002150cde8000 Uncommon trap: reason=bimorphic_or_optimized_type_check action=maybe_recompile pc=0x000002151872f71c method=java.util.HashMap.getNode(ILjava/lang/Object;)Ljava/util/HashMap$Node; @ 126 c2
Event: 1.685 Thread 0x000002150cde8000 Uncommon trap: reason=class_check action=maybe_recompile pc=0x00000215187203a4 method=java.util.HashMap.putVal(ILjava/lang/Object;Ljava/lang/Object;ZZ)Ljava/lang/Object; @ 203 c2
Event: 1.686 Thread 0x000002150cde8000 Uncommon trap: reason=class_check action=maybe_recompile pc=0x00000215187203a4 method=java.util.HashMap.putVal(ILjava/lang/Object;Ljava/lang/Object;ZZ)Ljava/lang/Object; @ 203 c2
Event: 1.688 Thread 0x000002150cde8000 Uncommon trap: reason=bimorphic_or_optimized_type_check action=maybe_recompile pc=0x000002151872f71c method=java.util.HashMap.getNode(ILjava/lang/Object;)Ljava/util/HashMap$Node; @ 126 c2
Event: 1.739 Thread 0x000002150cde8000 Uncommon trap: reason=unstable_if action=reinterpret pc=0x000002151872af6c method=java.net.URI.match(CJJ)Z @ 45 c2
Event: 1.739 Thread 0x000002150cde8000 Uncommon trap: reason=unstable_if action=reinterpret pc=0x0000021518722c14 method=java.net.URI.match(CJJ)Z @ 19 c2

Classes redefined (0 events):
No events

Internal exceptions (7 events):
Event: 0.338 Thread 0x000002150cde8000 Exception <a 'java/security/PrivilegedActionException'{0x00000000a798a6b8}> (0x00000000a798a6b8) thrown at [c:/BuildAgent/work/494cbf65e275b67e/src/hotspot/share/prims/jvm.cpp, line 1300]
Event: 0.338 Thread 0x000002150cde8000 Exception <a 'java/security/PrivilegedActionException'{0x00000000a798a988}> (0x00000000a798a988) thrown at [c:/BuildAgent/work/494cbf65e275b67e/src/hotspot/share/prims/jvm.cpp, line 1300]
Event: 0.470 Thread 0x000002150cde8000 Exception <a 'java/security/PrivilegedActionException'{0x00000000a75eed40}> (0x00000000a75eed40) thrown at [c:/BuildAgent/work/494cbf65e275b67e/src/hotspot/share/prims/jvm.cpp, line 1300]
Event: 0.470 Thread 0x000002150cde8000 Exception <a 'java/security/PrivilegedActionException'{0x00000000a75ef010}> (0x00000000a75ef010) thrown at [c:/BuildAgent/work/494cbf65e275b67e/src/hotspot/share/prims/jvm.cpp, line 1300]
Event: 0.591 Thread 0x000002150cde8000 Exception <a 'java/lang/NoSuchMethodError'{0x00000000a73c1438}: java.lang.invoke.DirectMethodHandle$Holder.invokeSpecialIFC(Ljava/lang/Object;Ljava/lang/Object;I)I> (0x00000000a73c1438) thrown at [c:/BuildAgent/work/494cbf65e275b67e/src/hotspot/share/inte
Event: 1.262 Thread 0x000002150cde8000 Exception <a 'java/lang/ClassNotFoundException'{0x00000000a66a0af8}: sun/util/logging/resources/spi/loggingProvider> (0x00000000a66a0af8) thrown at [c:/BuildAgent/work/494cbf65e275b67e/src/hotspot/share/classfile/systemDictionary.cpp, line 231]
Event: 1.572 Thread 0x000002150cde8000 Implicit null exception at 0x000002151873a424 to 0x000002151873aa32

Events (10 events):
Event: 1.766 loading class sun/security/x509/SubjectAlternativeNameExtension
Event: 1.766 loading class sun/security/x509/SubjectAlternativeNameExtension done
Event: 1.766 loading class sun/security/x509/RFC822Name
Event: 1.767 loading class sun/security/x509/RFC822Name done
Event: 1.767 loading class sun/security/x509/IssuerAlternativeNameExtension
Event: 1.767 loading class sun/security/x509/IssuerAlternativeNameExtension done
Event: 1.788 loading class sun/security/x509/AuthorityInfoAccessExtension
Event: 1.788 loading class sun/security/x509/AuthorityInfoAccessExtension done
Event: 1.788 loading class sun/security/x509/AccessDescription
Event: 1.788 loading class sun/security/x509/AccessDescription done


Dynamic libraries:
0x00007ff697ef0000 - 0x00007ff697f37000 	C:\Program Files\JetBrains\IntelliJ IDEA Community Edition 2019.2\jbr\bin\java.exe
0x00007fff89910000 - 0x00007fff89af1000 	C:\Windows\SYSTEM32\ntdll.dll
0x00007fff86f10000 - 0x00007fff86fc2000 	C:\Windows\System32\KERNEL32.DLL
0x00007fff85d90000 - 0x00007fff86003000 	C:\Windows\System32\KERNELBASE.dll
0x0000000065610000 - 0x00000000656a5000 	C:\Windows\System32\SYSFER.DLL
0x00007fff875b0000 - 0x00007fff87651000 	C:\Windows\System32\ADVAPI32.dll
0x00007fff88f60000 - 0x00007fff88ffe000 	C:\Windows\System32\msvcrt.dll
0x00007fff89560000 - 0x00007fff895bb000 	C:\Windows\System32\sechost.dll
0x00007fff86fd0000 - 0x00007fff870f4000 	C:\Windows\System32\RPCRT4.dll
0x00007fff89630000 - 0x00007fff897c0000 	C:\Windows\System32\USER32.dll
0x00007fff868c0000 - 0x00007fff868e0000 	C:\Windows\System32\win32u.dll
0x00007fff87980000 - 0x00007fff879a8000 	C:\Windows\System32\GDI32.dll
0x00007fff86720000 - 0x00007fff868b2000 	C:\Windows\System32\gdi32full.dll
0x00007fff86990000 - 0x00007fff86a2f000 	C:\Windows\System32\msvcp_win.dll
0x00007fff86a30000 - 0x00007fff86b2a000 	C:\Windows\System32\ucrtbase.dll
0x00007fff78b70000 - 0x00007fff78dd9000 	C:\Windows\WinSxS\amd64_microsoft.windows.common-controls_6595b64144ccf1df_6.0.17134.590_none_fb3d9bff3069e088\COMCTL32.dll
0x00007fff87280000 - 0x00007fff875a2000 	C:\Windows\System32\combase.dll
0x00007fff86d20000 - 0x00007fff86d9a000 	C:\Windows\System32\bcryptPrimitives.dll
0x00007fff86e10000 - 0x00007fff86e3d000 	C:\Windows\System32\IMM32.DLL
0x00007fff84b00000 - 0x00007fff84b37000 	C:\Windows\system32\DriverStore\FileRepository\nvltwu.inf_amd64_c8da725822079174\nvinitx.dll
0x00007fff84af0000 - 0x00007fff84afa000 	C:\Windows\SYSTEM32\VERSION.dll
0x00007fff87b20000 - 0x00007fff88f60000 	C:\Windows\System32\Shell32.dll
0x00007fff85ce0000 - 0x00007fff85d29000 	C:\Windows\System32\cfgmgr32.dll
0x00007fff878d0000 - 0x00007fff87979000 	C:\Windows\System32\shcore.dll
0x00007fff86010000 - 0x00007fff8671d000 	C:\Windows\System32\windows.storage.dll
0x00007fff87660000 - 0x00007fff876b1000 	C:\Windows\System32\shlwapi.dll
0x00007fff85c90000 - 0x00007fff85ca1000 	C:\Windows\System32\kernel.appcore.dll
0x00007fff85c70000 - 0x00007fff85c8f000 	C:\Windows\System32\profapi.dll
0x00007fff85c20000 - 0x00007fff85c6c000 	C:\Windows\System32\powrprof.dll
0x00007fff85cd0000 - 0x00007fff85cda000 	C:\Windows\System32\FLTLIB.DLL
0x0000000065600000 - 0x0000000065606000 	C:\Program Files\NVIDIA Corporation\CoProcManager\_etoured.dll
0x00007fff82c80000 - 0x00007fff82cc4000 	C:\Program Files\NVIDIA Corporation\CoProcManager\nvd3d9wrapx.dll
0x00007fff89110000 - 0x00007fff8955b000 	C:\Windows\System32\SETUPAPI.dll
0x00007fff82940000 - 0x00007fff8296e000 	C:\Program Files\NVIDIA Corporation\CoProcManager\nvdxgiwrapx.dll
0x00007fff81060000 - 0x00007fff81077000 	C:\Program Files\JetBrains\IntelliJ IDEA Community Edition 2019.2\jbr\bin\vcruntime140.dll
0x00007fff59250000 - 0x00007fff592ed000 	C:\Program Files\JetBrains\IntelliJ IDEA Community Edition 2019.2\jbr\bin\msvcp140.dll
0x00007fff3f610000 - 0x00007fff400c7000 	C:\Program Files\JetBrains\IntelliJ IDEA Community Edition 2019.2\jbr\bin\server\jvm.dll
0x00007fff879b0000 - 0x00007fff879b8000 	C:\Windows\System32\PSAPI.DLL
0x00007fff72420000 - 0x00007fff72429000 	C:\Windows\SYSTEM32\WSOCK32.dll
0x00007fff86da0000 - 0x00007fff86e0c000 	C:\Windows\System32\WS2_32.dll
0x00007fff835a0000 - 0x00007fff835c3000 	C:\Windows\SYSTEM32\WINMM.dll
0x00007fff834d0000 - 0x00007fff834fa000 	C:\Windows\SYSTEM32\WINMMBASE.dll
0x00007fff81c10000 - 0x00007fff81c21000 	C:\Program Files\JetBrains\IntelliJ IDEA Community Edition 2019.2\jbr\bin\verify.dll
0x00007fff83690000 - 0x00007fff83859000 	C:\Windows\SYSTEM32\DBGHELP.DLL
0x00007fff6e490000 - 0x00007fff6e4b9000 	C:\Windows\SYSTEM32\dbgcore.DLL
0x00007fff79ea0000 - 0x00007fff79ec9000 	C:\Program Files\JetBrains\IntelliJ IDEA Community Edition 2019.2\jbr\bin\java.dll
0x00007fff5d7c0000 - 0x00007fff5d7f4000 	C:\Program Files\JetBrains\IntelliJ IDEA Community Edition 2019.2\jbr\bin\instrument.dll
0x00007fff79e80000 - 0x00007fff79e97000 	C:\Program Files\JetBrains\IntelliJ IDEA Community Edition 2019.2\jbr\bin\zip.dll
0x00007fff83500000 - 0x00007fff8350b000 	C:\Program Files\JetBrains\IntelliJ IDEA Community Edition 2019.2\jbr\bin\jimage.dll
0x00007fff79e60000 - 0x00007fff79e7a000 	C:\Program Files\JetBrains\IntelliJ IDEA Community Edition 2019.2\jbr\bin\net.dll
0x00007fff84a10000 - 0x00007fff84aed000 	C:\Windows\SYSTEM32\WINHTTP.dll
0x00007fff7a430000 - 0x00007fff7a5f9000 	C:\Windows\SYSTEM32\urlmon.dll
0x00007fff7a820000 - 0x00007fff7aac5000 	C:\Windows\SYSTEM32\iertutil.dll
0x00007fff85670000 - 0x00007fff8567b000 	C:\Windows\SYSTEM32\CRYPTBASE.DLL
0x00007fff854a0000 - 0x00007fff85506000 	C:\Windows\system32\mswsock.dll
0x00007fff636b0000 - 0x00007fff636c4000 	C:\Program Files\JetBrains\IntelliJ IDEA Community Edition 2019.2\jbr\bin\nio.dll
0x00007fff73670000 - 0x00007fff7368a000 	C:\Program Files\JetBrains\IntelliJ IDEA Community Edition 2019.2\bin\breakgen64.dll
0x00007fff6e260000 - 0x00007fff6e26a000 	C:\Program Files\JetBrains\IntelliJ IDEA Community Edition 2019.2\jbr\bin\prefs.dll
0x00007fff56020000 - 0x00007fff56048000 	C:\Program Files\JetBrains\IntelliJ IDEA Community Edition 2019.2\jbr\bin\sunec.dll
0x00007fff85650000 - 0x00007fff85667000 	C:\Windows\SYSTEM32\CRYPTSP.dll
0x00007fff85080000 - 0x00007fff850b3000 	C:\Windows\system32\rsaenh.dll
0x00007fff85780000 - 0x00007fff857a5000 	C:\Windows\SYSTEM32\bcrypt.dll
0x00007fff85b50000 - 0x00007fff85b78000 	C:\Windows\SYSTEM32\USERENV.dll

dbghelp: loaded successfully - version: 4.0.5 - missing functions: none
symbol engine: initialized successfully - sym options: 0x614 - pdb path: .;C:\Program Files\JetBrains\IntelliJ IDEA Community Edition 2019.2\jbr\bin;C:\Windows\SYSTEM32;C:\Windows\WinSxS\amd64_microsoft.windows.common-controls_6595b64144ccf1df_6.0.17134.590_none_fb3d9bff3069e088;C:\Windows\system32\DriverStore\FileRepository\nvltwu.inf_amd64_c8da725822079174;C:\Program Files\NVIDIA Corporation\CoProcManager;C:\Program Files\JetBrains\IntelliJ IDEA Community Edition 2019.2\jbr\bin\server;C:\Program Files\JetBrains\IntelliJ IDEA Community Edition 2019.2\bin

VM Arguments:
jvm_args: -Dorg.jetbrains.run.directory=C:\Users\Admin\IdeaProjects\src\test\java\feature -javaagent:C:\Program Files\JetBrains\IntelliJ IDEA Community Edition 2019.2\lib\idea_rt.jar=60403:C:\Program Files\JetBrains\IntelliJ IDEA Community Edition 2019.2\bin -Dfile.encoding=UTF-8 
java_command: cucumber.api.cli.Main --plugin org.jetbrains.plugins.cucumber.java.run.CucumberJvm4SMFormatter --name ^$ --glue stepDefinition C:/Users/Admin/IdeaProjects/src/test/java/feature/DateUsageTest.feature
java_class_path (initial): C:\Users\Admin\IdeaProjects\target\test-classes;C:\Users\Admin\IdeaProjects\target\classes;C:\Users\Admin\.m2\repository\junit\junit\4.12\junit-4.12.jar;C:\Users\Admin\.m2\repository\org\hamcrest\hamcrest-core\1.3\hamcrest-core-1.3.jar;C:\Users\Admin\.m2\repository\org\testng\testng\6.14.3\testng-6.14.3.jar;C:\Users\Admin\.m2\repository\com\beust\jcommander\1.72\jcommander-1.72.jar;C:\Users\Admin\.m2\repository\org\apache-extras\beanshell\bsh\2.0b6\bsh-2.0b6.jar;C:\Users\Admin\.m2\repository\commons-io\commons-io\2.6\commons-io-2.6.jar;C:\Users\Admin\.m2\repository\io\cucumber\cucumber-testng\4.4.0\cucumber-testng-4.4.0.jar;C:\Users\Admin\.m2\repository\io\cucumber\cucumber-java\4.4.0\cucumber-java-4.4.0.jar;C:\Users\Admin\.m2\repository\io\cucumber\cucumber-junit\4.4.0\cucumber-junit-4.4.0.jar;C:\Users\Admin\.m2\repository\io\cucumber\cucumber-core\4.4.0\cucumber-core-4.4.0.jar;C:\Users\Admin\.m2\repository\io\cucumber\tag-expressions\1.1.1\tag-expressions-1.1.1.jar;C:\Users\Admin\.m2\repository\io\cucumber\cucumber-expressions\7.0.2\cucumber-expressions-7.0.2.jar;C:\Users\Admin\.m2\repository\io\cucumber\datatable\1.1.14\datatable-1.1.14.jar;C:\Users\Admin\.m2\repository\io\cucumber\datatable-dependencies\1.1.14\datatable-dependencies-1.1.14.jar;C:\Users\Admin\.m2\repository\io\cucumber\gherkin\5.1.0\gherkin-5.1.0.jar;C:\Users\Admin\.m2\repository\io\cucumber\gherkin-jvm-deps\1.0.4\gherkin-jvm-deps-1.0.4.jar;C:\Users\Admin\.m2\repository\io\cucumber\cucumber-picocontainer\4.4.0\cucumber-picocontainer-4.4.0.jar;C:\Users\Admin\.m2\repository\org\picocontainer\picocontainer\2.15\picocontainer-2.15.jar;C:\Users\Admin\.m2\repository\org\json\json\20180813\json-20180813.jar;C:\Users\Admin\.m2\repository\com\mashape\unirest\unirest-java\1.4.9\unirest-java-1.4.9.jar;C:\Users\Admin\.m2\repository\org\apache\httpcomponents\httpclient\4.5.9\httpclient-4.5.9.jar;C:\Users\Admin\.m2\repository\org\apache\httpcomponents\httpcore\4.4.11\httpcore-4.4.1
Launcher Type: SUN_STANDARD

[Global flags]
     intx CICompilerCount                          = 4                                         {product} {ergonomic}
     uint ConcGCThreads                            = 2                                         {product} {ergonomic}
     uint G1ConcRefinementThreads                  = 8                                         {product} {ergonomic}
   size_t G1HeapRegionSize                         = 1048576                                   {product} {ergonomic}
    uintx GCDrainStackTargetSize                   = 64                                        {product} {ergonomic}
   size_t InitialHeapSize                          = 100663296                                 {product} {ergonomic}
   size_t MarkStackSize                            = 4194304                                   {product} {ergonomic}
   size_t MaxHeapSize                              = 1581252608                                {product} {ergonomic}
   size_t MaxNewSize                               = 947912704                                 {product} {ergonomic}
   size_t MinHeapDeltaBytes                        = 1048576                                   {product} {ergonomic}
    uintx NonNMethodCodeHeapSize                   = 5835340                                {pd product} {ergonomic}
    uintx NonProfiledCodeHeapSize                  = 122911450                              {pd product} {ergonomic}
    uintx ProfiledCodeHeapSize                     = 122911450                              {pd product} {ergonomic}
    uintx ReservedCodeCacheSize                    = 251658240                              {pd product} {ergonomic}
     bool SegmentedCodeCache                       = true                                      {product} {ergonomic}
     bool UseCompressedClassPointers               = true                                 {lp64_product} {ergonomic}
     bool UseCompressedOops                        = true                                 {lp64_product} {ergonomic}
     bool UseG1GC                                  = true                                      {product} {ergonomic}
     bool UseLargePagesIndividualAllocation        = false                                  {pd product} {ergonomic}

Logging:
Log output configuration:
 #0: stdout all=warning uptime,level,tags
 #1: stderr all=off uptime,level,tags

Environment Variables:
PATH=C:\Program Files\JetBrains\IntelliJ IDEA Community Edition 2019.2\jbr\\bin;C:\Program Files\JetBrains\IntelliJ IDEA Community Edition 2019.2\jbr\\bin\server;C:\Program Files (x86)\Common Files\Oracle\Java\javapath;C:\Windows\system32;C:\Windows;C:\Windows\System32\Wbem;C:\Windows\System32\WindowsPowerShell\v1.0\;C:\Windows\System32\OpenSSH\;C:\Program Files (x86)\IBM\Personal Communications\;C:\Program Files (x86)\IBM\Trace Facility\;C:\Program Files\Intel\WiFi\bin\;C:\Program Files\Common Files\Intel\WirelessCommon\;C:\Program Files\Condusiv Technologies\ExpressCache\;C:\Program Files (x86)\Webex\Webex\Applications;C:\Program Files\Git\cmd;C:\Users\Admin\AppData\Local\Microsoft\WindowsApps;;C:\Program Files\JetBrains\IntelliJ IDEA Community Edition 2019.2\bin;
USERNAME=Admin
OS=Windows_NT
PROCESSOR_IDENTIFIER=Intel64 Family 6 Model 42 Stepping 7, GenuineIntel



---------------  S Y S T E M  ---------------

OS: Windows 10 , 64 bit Build 17134 (10.0.17134.556)

CPU:total 8 (initial active 8) (4 cores per cpu, 2 threads per core) family 6 model 42 stepping 7, cmov, cx8, fxsr, mmx, sse, sse2, sse3, ssse3, sse4.1, sse4.2, popcnt, avx, clmul, ht, tsc, tscinvbit

Memory: 4k page, system-wide physical 6027M (406M free)
TotalPageFile size 15522M (AvailPageFile size 2M)
current process WorkingSet (physical memory assigned to process): 99M, peak: 99M
current process commit charge ("private bytes"): 195M, peak: 195M

vm_info: OpenJDK 64-Bit Server VM (11.0.3+12-b304.10) for windows-amd64 JRE (11.0.3+12-b304.10), built on Jun 25 2019 07:10:45 by "" with MS VC++ 14.0 (VS2015)

END.
